[debug] [2024-03-15T14:28:56.173Z] ----------------------------------------------------------------------
[debug] [2024-03-15T14:28:56.178Z] Command:       /home/xsystem/.nvm/versions/node/v21.0.0/bin/node /usr/local/bin/firebase deploy
[debug] [2024-03-15T14:28:56.179Z] CLI Version:   11.29.1
[debug] [2024-03-15T14:28:56.179Z] Platform:      linux
[debug] [2024-03-15T14:28:56.180Z] Node Version:  v21.0.0
[debug] [2024-03-15T14:28:56.181Z] Time:          Fri Mar 15 2024 20:28:56 GMT+0600 (Bangladesh Standard Time)
[debug] [2024-03-15T14:28:56.181Z] ----------------------------------------------------------------------
[debug] 
[debug] [2024-03-15T14:28:56.188Z] >>> [apiv2][query] GET https://firebase-public.firebaseio.com/cli.json [none]
[debug] [2024-03-15T14:28:56.404Z] Field ".hosting" in "firebase.json" is possibly invalid: should be object
[debug] [2024-03-15T14:28:56.404Z] Object ".hosting[0]" in "firebase.json" is missing required property: {"missingProperty":"target"}
[debug] [2024-03-15T14:28:56.404Z] Object ".hosting[0]" in "firebase.json" is missing required property: {"missingProperty":"site"}
[debug] [2024-03-15T14:28:56.404Z] Field ".hosting[0]" in "firebase.json" is possibly invalid: should match some schema in anyOf
[debug] [2024-03-15T14:28:56.404Z] Field ".hosting" in "firebase.json" is possibly invalid: should match some schema in anyOf
[debug] [2024-03-15T14:28:56.426Z] > command requires scopes: ["email","openid","https://www.googleapis.com/auth/cloudplatformprojects.readonly","https://www.googleapis.com/auth/firebase","https://www.googleapis.com/auth/cloud-platform"]
[debug] [2024-03-15T14:28:56.427Z] > authorizing via signed-in user (webdevelopersimanta@gmail.com)
[debug] [2024-03-15T14:28:56.427Z] [iam] checking project simanta-dev for permissions ["firebase.projects.get","firebasehosting.sites.update"]
[debug] [2024-03-15T14:28:56.429Z] > refreshing access token with scopes: []
[debug] [2024-03-15T14:28:56.432Z] >>> [apiv2][query] POST https://www.googleapis.com/oauth2/v3/token [none]
[debug] [2024-03-15T14:28:56.432Z] >>> [apiv2][body] POST https://www.googleapis.com/oauth2/v3/token [omitted]
[debug] [2024-03-15T14:28:56.890Z] <<< [apiv2][status] POST https://www.googleapis.com/oauth2/v3/token 200
[debug] [2024-03-15T14:28:56.891Z] <<< [apiv2][body] POST https://www.googleapis.com/oauth2/v3/token [omitted]
[debug] [2024-03-15T14:28:56.937Z] >>> [apiv2][query] POST https://cloudresourcemanager.googleapis.com/v1/projects/simanta-dev:testIamPermissions [none]
[debug] [2024-03-15T14:28:56.937Z] >>> [apiv2][(partial)header] POST https://cloudresourcemanager.googleapis.com/v1/projects/simanta-dev:testIamPermissions x-goog-quota-user=projects/simanta-dev
[debug] [2024-03-15T14:28:56.937Z] >>> [apiv2][body] POST https://cloudresourcemanager.googleapis.com/v1/projects/simanta-dev:testIamPermissions {"permissions":["firebase.projects.get","firebasehosting.sites.update"]}
[debug] [2024-03-15T14:28:57.072Z] <<< [apiv2][status] GET https://firebase-public.firebaseio.com/cli.json 200
[debug] [2024-03-15T14:28:57.072Z] <<< [apiv2][body] GET https://firebase-public.firebaseio.com/cli.json {"cloudBuildErrorAfter":1594252800000,"cloudBuildWarnAfter":1590019200000,"defaultNode10After":1594252800000,"minVersion":"3.0.5","node8DeploysDisabledAfter":1613390400000,"node8RuntimeDisabledAfter":1615809600000,"node8WarnAfter":1600128000000}
[debug] [2024-03-15T14:28:58.698Z] <<< [apiv2][status] POST https://cloudresourcemanager.googleapis.com/v1/projects/simanta-dev:testIamPermissions 200
[debug] [2024-03-15T14:28:58.699Z] <<< [apiv2][body] POST https://cloudresourcemanager.googleapis.com/v1/projects/simanta-dev:testIamPermissions {"permissions":["firebase.projects.get","firebasehosting.sites.update"]}
[debug] [2024-03-15T14:28:58.706Z] >>> [apiv2][query] GET https://firebase.googleapis.com/v1beta1/projects/simanta-dev [none]
[debug] [2024-03-15T14:28:59.783Z] <<< [apiv2][status] GET https://firebase.googleapis.com/v1beta1/projects/simanta-dev 200
[debug] [2024-03-15T14:28:59.783Z] <<< [apiv2][body] GET https://firebase.googleapis.com/v1beta1/projects/simanta-dev {"projectId":"simanta-dev","projectNumber":"686301233624","displayName":"simanta","name":"projects/simanta-dev","resources":{"hostingSite":"simanta-dev"},"state":"ACTIVE","etag":"1_0cc4bdf8-7bb0-465f-813b-9b14aae6b560"}
[info] 
[info] === Deploying to 'simanta-dev'...
[info] 
[info] i  deploying hosting 
[error] 
[error] Error: Assertion failed: resolving hosting target of a site with no site name or target name. This should have caused an error earlier
